Flutter crash report; please file at https://github.com/flutter/flutter/issues.

## command

flutter packages get

## exception

YamlException: Error on line 47, column 31: Expected a key while parsing a block mapping.
   ╷
47 │   permission_handler: '^3.2.0',
   │                               ^
   ╵

```
#0      Parser._parseBlockMappingKey (package:yaml/src/parser.dart:441:5)
#1      Parser._stateMachine (package:yaml/src/parser.dart:86:16)
#2      Parser.parse (package:yaml/src/parser.dart:47:19)
#3      Loader._loadMapping (package:yaml/src/loader.dart:169:23)
#4      Loader._loadNode (package:yaml/src/loader.dart:86:16)
#5      Loader._loadMapping (package:yaml/src/loader.dart:163:19)
#6      Loader._loadNode (package:yaml/src/loader.dart:86:16)
#7      Loader._loadDocument (package:yaml/src/loader.dart:62:20)
#8      Loader.load (package:yaml/src/loader.dart:54:20)
#9      loadYamlDocument (package:yaml/yaml.dart:51:25)
#10     loadYamlNode (package:yaml/yaml.dart:42:5)
#11     loadYaml (package:yaml/yaml.dart:34:5)
#12     FlutterManifest.createFromString (package:flutter_tools/src/flutter_manifest.dart:38:28)
#13     FlutterManifest.createFromPath (package:flutter_tools/src/flutter_manifest.dart:32:12)
#14     FlutterProject._readManifest (package:flutter_tools/src/project.dart:167:54)
#15     FlutterProject.fromDirectory (package:flutter_tools/src/project.dart:45:38)
#16     FlutterProject.fromPath (package:flutter_tools/src/project.dart:60:50)
#17     PackagesGetCommand.usageValues (package:flutter_tools/src/commands/packages.dart:80:55)
<asynchronous suspension>
#18     FlutterCommand._sendUsage (package:flutter_tools/src/runner/flutter_command.dart:411:58)
<asynchronous suspension>
#19     FlutterCommand.run.<anonymous closure> (package:flutter_tools/src/runner/flutter_command.dart:392:17)
<asynchronous suspension>
#20     AppContext.run.<anonymous closure> (package:flutter_tools/src/base/context.dart:153:29)
<asynchronous suspension>
#21     _rootRun (dart:async/zone.dart:1124:13)
#22     _CustomZone.run (dart:async/zone.dart:1021:19)
#23     _runZoned (dart:async/zone.dart:1516:10)
#24     runZoned (dart:async/zone.dart:1463:12)
#25     AppContext.run (package:flutter_tools/src/base/context.dart:152:18)
<asynchronous suspension>
#26     FlutterCommand.run (package:flutter_tools/src/runner/flutter_command.dart:375:20)
#27     CommandRunner.runCommand (package:args/command_runner.dart:197:27)
<asynchronous suspension>
#28     FlutterCommandRunner.runCommand.<anonymous closure> (package:flutter_tools/src/runner/flutter_command_runner.dart:396:21)
<asynchronous suspension>
#29     AppContext.run.<anonymous closure> (package:flutter_tools/src/base/context.dart:153:29)
<asynchronous suspension>
#30     _rootRun (dart:async/zone.dart:1124:13)
#31     _CustomZone.run (dart:async/zone.dart:1021:19)
#32     _runZoned (dart:async/zone.dart:1516:10)
#33     runZoned (dart:async/zone.dart:1463:12)
#34     AppContext.run (package:flutter_tools/src/base/context.dart:152:18)
<asynchronous suspension>
#35     FlutterCommandRunner.runCommand (package:flutter_tools/src/runner/flutter_command_runner.dart:356:19)
<asynchronous suspension>
#36     CommandRunner.run.<anonymous closure> (package:args/command_runner.dart:112:25)
#37     new Future.sync (dart:async/future.dart:224:31)
#38     CommandRunner.run (package:args/command_runner.dart:112:14)
#39     FlutterCommandRunner.run (package:flutter_tools/src/runner/flutter_command_runner.dart:242:18)
#40     run.<anonymous closure>.<anonymous closure> (package:flutter_tools/runner.dart:62:22)
<asynchronous suspension>
#41     _rootRun (dart:async/zone.dart:1124:13)
#42     _CustomZone.run (dart:async/zone.dart:1021:19)
#43     _runZoned (dart:async/zone.dart:1516:10)
#44     runZoned (dart:async/zone.dart:1500:12)
#45     run.<anonymous closure> (package:flutter_tools/runner.dart:60:18)
<asynchronous suspension>
#46     AppContext.run.<anonymous closure> (package:flutter_tools/src/base/context.dart:153:29)
<asynchronous suspension>
#47     _rootRun (dart:async/zone.dart:1124:13)
#48     _CustomZone.run (dart:async/zone.dart:1021:19)
#49     _runZoned (dart:async/zone.dart:1516:10)
#50     runZoned (dart:async/zone.dart:1463:12)
#51     AppContext.run (package:flutter_tools/src/base/context.dart:152:18)
<asynchronous suspension>
#52     runInContext (package:flutter_tools/src/context_runner.dart:56:24)
<asynchronous suspension>
#53     run (package:flutter_tools/runner.dart:51:10)
#54     main (package:flutter_tools/executable.dart:62:9)
<asynchronous suspension>
#55     main (file:///Users/hezhibin/flutter/packages/flutter_tools/bin/flutter_tools.dart:8:3)
#56     _startIsolate.<anonymous closure> (dart:isolate-patch/isolate_patch.dart:299:32)
#57     _RawReceivePortImpl._handleMessage (dart:isolate-patch/isolate_patch.dart:172:12)
```

## flutter doctor

```
[✓] Flutter (Channel stable, v1.7.8+hotfix.3, on Mac OS X 10.14.5 18F132, locale zh-Hans-CN)
    • Flutter version 1.7.8+hotfix.3 at /Users/hezhibin/flutter
    • Framework revision b712a172f9 (12 days ago), 2019-07-09 13:14:38 -0700
    • Engine revision 54ad777fd2
    • Dart version 2.4.0

[✓] Android toolchain - develop for Android devices (Android SDK version 28.0.3)
    • Android SDK at /Users/hezhibin/Library/Android/sdk
    • Android NDK location not configured (optional; useful for native profiling support)
    • Platform android-28, build-tools 28.0.3
    • Java binary at: /Applications/Android Studio.app/Contents/jre/jdk/Contents/Home/bin/java
    • Java version OpenJDK Runtime Environment (build 1.8.0_152-release-1343-b01)
    • All Android licenses accepted.

[✓] Xcode - develop for iOS and macOS (Xcode 10.2.1)
    • Xcode at /Applications/Xcode.app/Contents/Developer
    • Xcode 10.2.1, Build version 10E1001
    • CocoaPods version 1.7.1

[!] iOS tools - develop for iOS devices
    ✗ Verify that all connected devices have been paired with this computer in Xcode.
      If all devices have been paired, libimobiledevice and ideviceinstaller may require updating.
      To update with Brew, run:
        brew update
        brew uninstall --ignore-dependencies libimobiledevice
        brew uninstall --ignore-dependencies usbmuxd
        brew install --HEAD usbmuxd
        brew unlink usbmuxd
        brew link usbmuxd
        brew install --HEAD libimobiledevice
        brew install ideviceinstaller
    • ios-deploy 1.9.4

[✓] Android Studio (version 3.4)
    • Android Studio at /Applications/Android Studio.app/Contents
    • Flutter plugin version 37.0.1
    • Dart plugin version 183.6270
    • Java version OpenJDK Runtime Environment (build 1.8.0_152-release-1343-b01)

[✓] VS Code (version 1.36.1)
    • VS Code at /Applications/Visual Studio Code.app/Contents
    • Flutter extension version 3.2.0

[✓] Connected device (1 available)
    • iPhone Xʀ • 71A5C276-A32D-477D-94C1-C4868F4EAF68 • ios • com.apple.CoreSimulator.SimRuntime.iOS-12-2 (simulator)

! Doctor found issues in 1 category.
```
